<?xml version="1.0" encoding="UTF-8"?>
<!-- Generated by org.testng.reporters.JUnitXMLReporter -->
<testsuite ignored="0" hostname="PUNITP435871L" failures="2" tests="2" name="Test" time="18.423" errors="0" timestamp="2025-01-02T12:47:49 IST">
  <testcase classname="tests.LoginTest" name="loginTest" time="1.117">
    <failure type="java.lang.AssertionError" message="null">
      <![CDATA[java.lang.AssertionError: null
at tests.LoginTest.loginTest(LoginTest.java:77)
at java.base/java.util.ArrayList.forEach(ArrayList.java:1511)
... Removed 33 stack frames]]>
    </failure>
  </testcase> <!-- loginTest -->
  <testcase classname="tests.HomeTest" name="testAddItemToCart" time="0.062">
    <failure type="java.lang.IllegalArgumentException" message="Keys to send should be a not null CharSequence">
      <![CDATA[java.lang.IllegalArgumentException: Keys to send should be a not null CharSequence
at org.openqa.selenium.remote.RemoteWebElement.sendKeys(RemoteWebElement.java:97)
at org.openqa.selenium.support.pagefactory.internal.LocatingElementHandler.invoke(LocatingElementHandler.java:51)
at jdk.proxy2/jdk.proxy2.$Proxy25.sendKeys(Unknown Source)
at pages.LoginPage.login(LoginPage.java:34)
at tests.HomeTest.testAddItemToCart(HomeTest.java:23)
at java.base/java.util.ArrayList.forEach(ArrayList.java:1511)
... Removed 35 stack frames]]>
    </failure>
  </testcase> <!-- testAddItemToCart -->
</testsuite> <!-- Test -->
